<?xml version="1.0" encoding="UTF-8"?>
<testng-results skipped="0" failed="0" ignored="0" total="1" passed="1">
  <reporter-output>
  </reporter-output>
  <suite name="Default suite" duration-ms="41630" started-at="2018-11-11T14:26:32Z" finished-at="2018-11-11T14:27:14Z">
    <groups>
    </groups>
    <test name="Default test" duration-ms="41630" started-at="2018-11-11T14:26:32Z" finished-at="2018-11-11T14:27:14Z">
      <class name="com.forcepoint.tests.SortTest">
        <test-method status="PASS" signature="setUp()[pri:0, instance:com.forcepoint.tests.SortTest@5e3a8624]" name="setUp" is-config="true" duration-ms="376" started-at="2018-11-11T14:26:32Z" finished-at="2018-11-11T14:26:33Z">
          <reporter-output>
          </reporter-output>
        </test-method> <!-- setUp -->
        <test-method status="PASS" signature="init()[pri:0, instance:com.forcepoint.tests.SortTest@5e3a8624]" name="init" is-config="true" duration-ms="6646" started-at="2018-11-11T14:26:33Z" finished-at="2018-11-11T14:26:39Z">
          <reporter-output>
          </reporter-output>
        </test-method> <!-- init -->
        <test-method status="PASS" signature="popularResultsIsSortTest()[pri:0, instance:com.forcepoint.tests.SortTest@5e3a8624]" name="popularResultsIsSortTest" duration-ms="32180" started-at="2018-11-11T14:26:39Z" finished-at="2018-11-11T14:27:12Z">
          <reporter-output>
          </reporter-output>
        </test-method> <!-- popularResultsIsSortTest -->
        <test-method status="PASS" signature="tearDown()[pri:0, instance:com.forcepoint.tests.SortTest@5e3a8624]" name="tearDown" is-config="true" duration-ms="2397" started-at="2018-11-11T14:27:12Z" finished-at="2018-11-11T14:27:14Z">
          <reporter-output>
          </reporter-output>
        </test-method> <!-- tearDown -->
      </class> <!-- com.forcepoint.tests.SortTest -->
    </test> <!-- Default test -->
  </suite> <!-- Default suite -->
</testng-results>
