<?xml version="1.0" encoding="UTF-8"?>
<testng-results skipped="0" failed="0" ignored="0" total="1" passed="1">
  <reporter-output>
  </reporter-output>
  <suite name="Default suite" duration-ms="87427" started-at="2018-11-11T16:14:47Z" finished-at="2018-11-11T16:16:14Z">
    <groups>
    </groups>
    <test name="Default test" duration-ms="87427" started-at="2018-11-11T16:14:47Z" finished-at="2018-11-11T16:16:14Z">
      <class name="com.forcepoint.tests.SortTest">
        <test-method status="PASS" signature="setUp()[pri:0, instance:com.forcepoint.tests.SortTest@5e3a8624]" name="setUp" is-config="true" duration-ms="301" started-at="2018-11-11T16:14:47Z" finished-at="2018-11-11T16:14:47Z">
          <reporter-output>
          </reporter-output>
        </test-method> <!-- setUp -->
        <test-method status="PASS" signature="init()[pri:0, instance:com.forcepoint.tests.SortTest@5e3a8624]" name="init" is-config="true" duration-ms="6198" started-at="2018-11-11T16:14:47Z" finished-at="2018-11-11T16:14:53Z">
          <reporter-output>
          </reporter-output>
        </test-method> <!-- init -->
        <test-method status="PASS" signature="popularResultsIsSortedTest()[pri:0, instance:com.forcepoint.tests.SortTest@5e3a8624]" name="popularResultsIsSortedTest" duration-ms="78211" started-at="2018-11-11T16:14:53Z" finished-at="2018-11-11T16:16:12Z">
          <reporter-output>
          </reporter-output>
        </test-method> <!-- popularResultsIsSortedTest -->
        <test-method status="PASS" signature="tearDown()[pri:0, instance:com.forcepoint.tests.SortTest@5e3a8624]" name="tearDown" is-config="true" duration-ms="2689" started-at="2018-11-11T16:16:12Z" finished-at="2018-11-11T16:16:14Z">
          <reporter-output>
          </reporter-output>
        </test-method> <!-- tearDown -->
      </class> <!-- com.forcepoint.tests.SortTest -->
    </test> <!-- Default test -->
  </suite> <!-- Default suite -->
</testng-results>
