<?xml version="1.0" encoding="UTF-8"?>
<testng-results skipped="0" failed="0" ignored="0" total="1" passed="1">
  <reporter-output>
  </reporter-output>
  <suite name="Default suite" duration-ms="18990" started-at="2018-11-08T11:11:30Z" finished-at="2018-11-08T11:11:49Z">
    <groups>
    </groups>
    <test name="Default test" duration-ms="18990" started-at="2018-11-08T11:11:30Z" finished-at="2018-11-08T11:11:49Z">
      <class name="com.forcepoint.tests.TestSearchBy">
        <test-method status="PASS" signature="init()[pri:0, instance:com.forcepoint.tests.TestSearchBy@4f7d0008]" name="init" is-config="true" duration-ms="12300" started-at="2018-11-08T11:11:30Z" finished-at="2018-11-08T11:11:43Z">
          <reporter-output>
          </reporter-output>
        </test-method> <!-- init -->
        <test-method status="PASS" signature="Test()[pri:0, instance:com.forcepoint.tests.TestSearchBy@4f7d0008]" name="Test" duration-ms="3369" started-at="2018-11-08T11:11:43Z" finished-at="2018-11-08T11:11:46Z">
          <reporter-output>
          </reporter-output>
        </test-method> <!-- Test -->
        <test-method status="PASS" signature="close()[pri:0, instance:com.forcepoint.tests.TestSearchBy@4f7d0008]" name="close" is-config="true" duration-ms="3289" started-at="2018-11-08T11:11:46Z" finished-at="2018-11-08T11:11:49Z">
          <reporter-output>
          </reporter-output>
        </test-method> <!-- close -->
      </class> <!-- com.forcepoint.tests.TestSearchBy -->
    </test> <!-- Default test -->
  </suite> <!-- Default suite -->
</testng-results>
